{"D:\\string-calculator\\src\\stringCalculator.js": {"path":"D:\\string-calculator\\src\\stringCalculator.js","all":false,"statementMap":{"0":{"start":{"line":1,"column":0},"end":{"line":1,"column":23}},"1":{"start":{"line":2,"column":0},"end":{"line":2,"column":31}},"2":{"start":{"line":3,"column":0},"end":{"line":3,"column":0}},"3":{"start":{"line":4,"column":0},"end":{"line":4,"column":25}},"4":{"start":{"line":5,"column":0},"end":{"line":5,"column":33}},"5":{"start":{"line":6,"column":0},"end":{"line":6,"column":47}},"6":{"start":{"line":7,"column":0},"end":{"line":7,"column":16}},"7":{"start":{"line":8,"column":0},"end":{"line":8,"column":35}},"8":{"start":{"line":9,"column":0},"end":{"line":9,"column":38}},"9":{"start":{"line":10,"column":0},"end":{"line":10,"column":42}},"10":{"start":{"line":11,"column":0},"end":{"line":11,"column":57}},"11":{"start":{"line":12,"column":0},"end":{"line":12,"column":63}},"12":{"start":{"line":13,"column":0},"end":{"line":13,"column":7}},"13":{"start":{"line":14,"column":0},"end":{"line":14,"column":44}},"14":{"start":{"line":15,"column":0},"end":{"line":15,"column":5}},"15":{"start":{"line":16,"column":0},"end":{"line":16,"column":37}},"16":{"start":{"line":17,"column":0},"end":{"line":17,"column":3}},"17":{"start":{"line":18,"column":0},"end":{"line":18,"column":0}},"18":{"start":{"line":19,"column":0},"end":{"line":19,"column":52}},"19":{"start":{"line":20,"column":0},"end":{"line":20,"column":44}},"20":{"start":{"line":21,"column":0},"end":{"line":21,"column":29}},"21":{"start":{"line":22,"column":0},"end":{"line":22,"column":69}},"22":{"start":{"line":23,"column":0},"end":{"line":23,"column":3}},"23":{"start":{"line":24,"column":0},"end":{"line":24,"column":0}},"24":{"start":{"line":25,"column":0},"end":{"line":25,"column":68}},"25":{"start":{"line":26,"column":0},"end":{"line":26,"column":1}},"26":{"start":{"line":27,"column":0},"end":{"line":27,"column":25}}},"s":{"0":9,"1":9,"2":8,"3":8,"4":9,"5":1,"6":1,"7":1,"8":1,"9":1,"10":0,"11":0,"12":0,"13":1,"14":1,"15":1,"16":1,"17":8,"18":8,"19":8,"20":9,"21":1,"22":1,"23":7,"24":7,"25":7,"26":1},"branchMap":{"0":{"type":"branch","line":1,"loc":{"start":{"line":1,"column":0},"end":{"line":26,"column":1}},"locations":[{"start":{"line":1,"column":0},"end":{"line":26,"column":1}}]},"1":{"type":"branch","line":2,"loc":{"start":{"line":2,"column":22},"end":{"line":2,"column":31}},"locations":[{"start":{"line":2,"column":22},"end":{"line":2,"column":31}}]},"2":{"type":"branch","line":2,"loc":{"start":{"line":2,"column":30},"end":{"line":5,"column":32}},"locations":[{"start":{"line":2,"column":30},"end":{"line":5,"column":32}}]},"3":{"type":"branch","line":5,"loc":{"start":{"line":5,"column":32},"end":{"line":17,"column":3}},"locations":[{"start":{"line":5,"column":32},"end":{"line":17,"column":3}}]},"4":{"type":"branch","line":10,"loc":{"start":{"line":10,"column":41},"end":{"line":13,"column":7}},"locations":[{"start":{"line":10,"column":41},"end":{"line":13,"column":7}}]},"5":{"type":"branch","line":17,"loc":{"start":{"line":17,"column":2},"end":{"line":21,"column":28}},"locations":[{"start":{"line":17,"column":2},"end":{"line":21,"column":28}}]},"6":{"type":"branch","line":21,"loc":{"start":{"line":21,"column":28},"end":{"line":23,"column":3}},"locations":[{"start":{"line":21,"column":28},"end":{"line":23,"column":3}}]},"7":{"type":"branch","line":23,"loc":{"start":{"line":23,"column":2},"end":{"line":26,"column":1}},"locations":[{"start":{"line":23,"column":2},"end":{"line":26,"column":1}}]},"8":{"type":"branch","line":20,"loc":{"start":{"line":20,"column":32},"end":{"line":20,"column":42}},"locations":[{"start":{"line":20,"column":32},"end":{"line":20,"column":42}}]},"9":{"type":"branch","line":25,"loc":{"start":{"line":25,"column":21},"end":{"line":25,"column":35}},"locations":[{"start":{"line":25,"column":21},"end":{"line":25,"column":35}}]},"10":{"type":"branch","line":25,"loc":{"start":{"line":25,"column":44},"end":{"line":25,"column":63}},"locations":[{"start":{"line":25,"column":44},"end":{"line":25,"column":63}}]}},"b":{"0":[9],"1":[1],"2":[8],"3":[1],"4":[0],"5":[8],"6":[1],"7":[7],"8":[20],"9":[17],"10":[16]},"fnMap":{"0":{"name":"add","decl":{"start":{"line":1,"column":0},"end":{"line":26,"column":1}},"loc":{"start":{"line":1,"column":0},"end":{"line":26,"column":1}},"line":1}},"f":{"0":9}}
}
