{"D:\\string-calculator\\src\\stringCalculator.js": {"path":"D:\\string-calculator\\src\\stringCalculator.js","all":false,"statementMap":{"0":{"start":{"line":1,"column":0},"end":{"line":1,"column":23}},"1":{"start":{"line":2,"column":0},"end":{"line":2,"column":33}},"2":{"start":{"line":3,"column":0},"end":{"line":3,"column":51}},"3":{"start":{"line":4,"column":0},"end":{"line":4,"column":51}},"4":{"start":{"line":5,"column":0},"end":{"line":5,"column":47}},"5":{"start":{"line":6,"column":0},"end":{"line":6,"column":1}},"6":{"start":{"line":7,"column":0},"end":{"line":7,"column":0}},"7":{"start":{"line":8,"column":0},"end":{"line":8,"column":25}}},"s":{"0":5,"1":5,"2":4,"3":4,"4":4,"5":4,"6":1,"7":1},"branchMap":{"0":{"type":"branch","line":1,"loc":{"start":{"line":1,"column":0},"end":{"line":6,"column":1}},"locations":[{"start":{"line":1,"column":0},"end":{"line":6,"column":1}}]},"1":{"type":"branch","line":2,"loc":{"start":{"line":2,"column":24},"end":{"line":2,"column":33}},"locations":[{"start":{"line":2,"column":24},"end":{"line":2,"column":33}}]},"2":{"type":"branch","line":2,"loc":{"start":{"line":2,"column":32},"end":{"line":6,"column":1}},"locations":[{"start":{"line":2,"column":32},"end":{"line":6,"column":1}}]},"3":{"type":"branch","line":5,"loc":{"start":{"line":5,"column":23},"end":{"line":5,"column":42}},"locations":[{"start":{"line":5,"column":23},"end":{"line":5,"column":42}}]}},"b":{"0":[5],"1":[1],"2":[4],"3":[11]},"fnMap":{"0":{"name":"add","decl":{"start":{"line":1,"column":0},"end":{"line":6,"column":1}},"loc":{"start":{"line":1,"column":0},"end":{"line":6,"column":1}},"line":1}},"f":{"0":5}}
}
