TN:
SF:src\stringCalculator.js
FN:1,add
FNF:1
FNH:1
FNDA:10,add
DA:1,10
DA:2,10
DA:3,9
DA:4,9
DA:5,10
DA:6,2
DA:7,2
DA:8,2
DA:9,2
DA:10,2
DA:11,1
DA:12,1
DA:13,1
DA:14,1
DA:15,1
DA:16,2
DA:17,2
DA:18,2
DA:19,2
DA:20,9
DA:21,9
DA:22,9
DA:23,10
DA:24,1
DA:25,1
DA:26,8
DA:27,8
DA:28,8
DA:29,1
LF:29
LH:29
BRDA:1,0,0,10
BRDA:2,1,0,1
BRDA:2,2,0,9
BRDA:5,3,0,2
BRDA:10,4,0,1
BRDA:19,5,0,9
BRDA:23,6,0,1
BRDA:25,7,0,8
BRDA:13,8,0,1
BRDA:22,9,0,23
BRDA:27,10,0,20
BRDA:27,11,0,19
BRF:12
BRH:12
end_of_record
