TN:
SF:src\stringCalculator.js
FN:1,add
FNF:1
FNH:1
FNDA:12,add
DA:1,12
DA:2,12
DA:3,11
DA:4,11
DA:5,12
DA:6,4
DA:7,4
DA:8,4
DA:9,4
DA:10,4
DA:11,3
DA:12,3
DA:13,3
DA:14,3
DA:15,3
DA:16,4
DA:17,4
DA:18,4
DA:19,4
DA:20,11
DA:21,11
DA:22,11
DA:23,12
DA:24,1
DA:25,1
DA:26,10
DA:27,10
DA:28,10
DA:29,1
LF:29
LH:29
BRDA:1,0,0,12
BRDA:2,1,0,1
BRDA:2,2,0,11
BRDA:5,3,0,4
BRDA:10,4,0,3
BRDA:19,5,0,11
BRDA:23,6,0,1
BRDA:25,7,0,10
BRDA:13,8,0,5
BRDA:22,9,0,29
BRDA:27,10,0,26
BRDA:27,11,0,25
BRF:12
BRH:12
end_of_record
